This file contains any messages produced by compilers while
running configure, to aid debugging if configure makes a mistake.

It was created by libusb-1.0 configure 1.0.28, which was
generated by GNU Autoconf 2.72.  Invocation command line was

  $ ./configure

## --------- ##
## Platform. ##
## --------- ##

hostname = d011e5d731f1
uname -m = arm64
uname -r = 24.3.0
uname -s = Darwin
uname -v = Darwin Kernel Version 24.3.0: Thu Jan  2 20:22:58 PST 2025; root:xnu-11215.81.4~3/RELEASE_ARM64_T8132

/usr/bin/uname -p = arm
/bin/uname -X     = unknown

/bin/arch              = unknown
/usr/bin/arch -k       = unknown
/usr/convex/getsysinfo = unknown
/usr/bin/hostinfo      = Mach kernel version:
	 Darwin Kernel Version 24.3.0: Thu Jan  2 20:22:58 PST 2025; root:xnu-11215.81.4~3/RELEASE_ARM64_T8132
Kernel configured for up to 10 processors.
10 processors are physically available.
10 processors are logically available.
Processor type: arm64e (ARM64E)
Processors active: 0 1 2 3 4 5 6 7 8 9
Primary memory available: 16.00 gigabytes
Default processor set: 605 tasks, 2484 threads, 10 processors
Load average: 1.70, Mach factor: 8.28
/bin/machine           = unknown
/usr/bin/oslevel       = unknown
/bin/universe          = unknown

PATH: /opt/homebrew/bin/
PATH: /opt/homebrew/sbin/
PATH: /Library/Frameworks/Python.framework/Versions/3.13/bin/
PATH: /usr/local/bin/
PATH: /System/Cryptexes/App/usr/bin/
PATH: /usr/bin/
PATH: /bin/
PATH: /usr/sbin/
PATH: /sbin/
PATH: /var/run/com.apple.security.cryptexd/codex.system/bootstrap/usr/local/bin/
PATH: /var/run/com.apple.security.cryptexd/codex.system/bootstrap/usr/bin/
PATH: /var/run/com.apple.security.cryptexd/codex.system/bootstrap/usr/appleinternal/bin/
PATH: /Users/yorickhuang/Library/Application Support/Code/User/globalStorage/github.copilot-chat/debugCommand/


## ----------- ##
## Core tests. ##
## ----------- ##

configure:2934: looking for aux files: config.guess config.sub ltmain.sh missing install-sh compile
configure:2947:  trying ./
configure:2976:   ./config.guess found
configure:2976:   ./config.sub found
configure:2976:   ./ltmain.sh found
configure:2976:   ./missing found
configure:2958:   ./install-sh found
configure:2976:   ./compile found
configure:3155: checking for gcc
configure:3176: found /usr/bin/gcc
configure:3188: result: gcc
configure:3547: checking for C compiler version
configure:3556: gcc --version >&5
Apple clang version 16.0.0 (clang-1600.0.26.6)
Target: arm64-apple-darwin24.3.0
Thread model: posix
InstalledDir: /Library/Developer/CommandLineTools/usr/bin
configure:3567: $? = 0
configure:3556: gcc -v >&5
Apple clang version 16.0.0 (clang-1600.0.26.6)
Target: arm64-apple-darwin24.3.0
Thread model: posix
InstalledDir: /Library/Developer/CommandLineTools/usr/bin
configure:3567: $? = 0
configure:3556: gcc -V >&5
clang: error: argument to '-V' is missing (expected 1 value)
clang: error: no input files
configure:3567: $? = 1
configure:3556: gcc -qversion >&5
clang: error: unknown argument '-qversion'; did you mean '--version'?
clang: error: no input files
configure:3567: $? = 1
configure:3556: gcc -version >&5
clang: error: unknown argument '-version'; did you mean '--version'?
clang: error: no input files
configure:3567: $? = 1
configure:3587: checking whether the C compiler works
configure:3609: gcc    conftest.c  >&5
configure:3613: $? = 0
configure:3664: result: yes
configure:3668: checking for C compiler default output file name
configure:3670: result: a.out
configure:3676: checking for suffix of executables
configure:3683: gcc -o conftest    conftest.c  >&5
configure:3687: $? = 0
configure:3711: result: 
configure:3735: checking whether we are cross compiling
configure:3743: gcc -o conftest    conftest.c  >&5
configure:3747: $? = 0
configure:3754: ./conftest
configure:3758: $? = 0
configure:3773: result: no
configure:3779: checking for suffix of object files
configure:3802: gcc -c   conftest.c >&5
configure:3806: $? = 0
configure:3830: result: o
configure:3834: checking whether the compiler supports GNU C
configure:3854: gcc -c   conftest.c >&5
configure:3854: $? = 0
configure:3866: result: yes
configure:3877: checking whether gcc accepts -g
configure:3898: gcc -c -g  conftest.c >&5
configure:3898: $? = 0
configure:3945: result: yes
configure:3965: checking for gcc option to enable C11 features
configure:3980: gcc  -c -g -O2  conftest.c >&5
configure:3980: $? = 0
configure:3999: result: none needed
configure:4128: checking whether gcc understands -c and -o together
configure:4151: gcc -c conftest.c -o conftest2.o
configure:4154: $? = 0
configure:4151: gcc -c conftest.c -o conftest2.o
configure:4154: $? = 0
configure:4167: result: yes
configure:4254: checking for g++
configure:4275: found /usr/bin/g++
configure:4287: result: g++
configure:4314: checking for C++ compiler version
configure:4323: g++ --version >&5
Apple clang version 16.0.0 (clang-1600.0.26.6)
Target: arm64-apple-darwin24.3.0
Thread model: posix
InstalledDir: /Library/Developer/CommandLineTools/usr/bin
configure:4334: $? = 0
configure:4323: g++ -v >&5
Apple clang version 16.0.0 (clang-1600.0.26.6)
Target: arm64-apple-darwin24.3.0
Thread model: posix
InstalledDir: /Library/Developer/CommandLineTools/usr/bin
configure:4334: $? = 0
configure:4323: g++ -V >&5
clang++: error: argument to '-V' is missing (expected 1 value)
clang++: error: no input files
configure:4334: $? = 1
configure:4323: g++ -qversion >&5
clang++: error: unknown argument '-qversion'; did you mean '--version'?
clang++: error: no input files
configure:4334: $? = 1
configure:4338: checking whether the compiler supports GNU C++
configure:4358: g++ -c   conftest.cpp >&5
configure:4358: $? = 0
configure:4370: result: yes
configure:4381: checking whether g++ accepts -g
configure:4402: g++ -c -g  conftest.cpp >&5
configure:4402: $? = 0
configure:4449: result: yes
configure:4469: checking for g++ option to enable C++11 features
configure:4484: g++  -c -g -O2  conftest.cpp >&5
conftest.cpp:55:3: error: "Compiler does not advertise C++11 conformance"
   55 | # error "Compiler does not advertise C++11 conformance"
      |   ^
conftest.cpp:60:3: error: unknown type name 'constexpr'
   60 |   constexpr int get_val() { return 20; }
      |   ^
conftest.cpp:72:17: error: delegating constructors are permitted only in C++11
   72 |     delegate(): delegate(2354) {}
      |                 ^~~~~~~~
conftest.cpp:83:26: warning: 'override' keyword is a C++11 extension [-Wc++11-extensions]
   83 |     virtual int getval() override final { return this->n * 2; }
      |                          ^
conftest.cpp:83:35: warning: 'final' keyword is a C++11 extension [-Wc++11-extensions]
   83 |     virtual int getval() override final { return this->n * 2; }
      |                                   ^
conftest.cpp:90:16: warning: defaulted function definitions are a C++11 extension [-Wc++11-extensions]
   90 |     nocopy() = default;
      |                ^
conftest.cpp:91:29: warning: deleted function definitions are a C++11 extension [-Wc++11-extensions]
   91 |     nocopy(const nocopy&) = delete;
      |                             ^
conftest.cpp:92:41: warning: deleted function definitions are a C++11 extension [-Wc++11-extensions]
   92 |     nocopy & operator=(const nocopy&) = delete;
      |                                         ^
conftest.cpp:104:25: warning: 'auto' type specifier is a C++11 extension [-Wc++11-extensions]
  104 |   template <typename V> auto sum(V first) -> V
      |                         ^
conftest.cpp:104:25: error: 'auto' not allowed in function return type
  104 |   template <typename V> auto sum(V first) -> V
      |                         ^~~~
conftest.cpp:104:42: error: expected ';' at end of declaration
  104 |   template <typename V> auto sum(V first) -> V
      |                                          ^
      |                                          ;
conftest.cpp:104:43: error: cannot use arrow operator on a type
  104 |   template <typename V> auto sum(V first) -> V
      |                                           ^
conftest.cpp:108:33: warning: variadic templates are a C++11 extension [-Wc++11-extensions]
  108 |   template <typename V, typename... Args> auto sum(V first, Args... rest) -> V
      |                                 ^
conftest.cpp:108:43: warning: 'auto' type specifier is a C++11 extension [-Wc++11-extensions]
  108 |   template <typename V, typename... Args> auto sum(V first, Args... rest) -> V
      |                                           ^
conftest.cpp:108:43: error: 'auto' not allowed in function return type
  108 |   template <typename V, typename... Args> auto sum(V first, Args... rest) -> V
      |                                           ^~~~
conftest.cpp:108:74: error: expected ';' at end of declaration
  108 |   template <typename V, typename... Args> auto sum(V first, Args... rest) -> V
      |                                                                          ^
      |                                                                          ;
conftest.cpp:108:75: error: cannot use arrow operator on a type
  108 |   template <typename V, typename... Args> auto sum(V first, Args... rest) -> V
      |                                                                           ^
conftest.cpp:132:3: warning: 'auto' type specifier is a C++11 extension [-Wc++11-extensions]
  132 |   auto a1 = 6538;
      |   ^
conftest.cpp:133:3: warning: 'auto' type specifier is a C++11 extension [-Wc++11-extensions]
  133 |   auto a2 = 48573953.4;
      |   ^
conftest.cpp:134:3: warning: 'auto' type specifier is a C++11 extension [-Wc++11-extensions]
  134 |   auto a3 = "String literal";
      |   ^
conftest.cpp:137:8: warning: 'auto' type specifier is a C++11 extension [-Wc++11-extensions]
  137 |   for (auto i = a3; *i; ++i) { total += *i; }
      |        ^
conftest.cpp:153:8: warning: 'auto' type specifier is a C++11 extension [-Wc++11-extensions]
  153 |   for (auto &x : array) { x += 23; }
      |        ^
conftest.cpp:153:16: warning: range-based for loop is a C++11 extension [-Wc++11-extensions]
  153 |   for (auto &x : array) { x += 23; }
      |                ^
conftest.cpp:158:17: error: expected expression
  158 |   assert (eval ([](int x) { return x*2; }, 21) == 42);
      |                 ^
conftest.cpp:160:17: error: expected expression
  160 |   assert (eval ([&](double x) { return d += x; }, 3.0) == 5.0);
      |                 ^
conftest.cpp:162:17: error: expected expression
  162 |   assert (eval ([=](double x) mutable { return d += x; }, 4.0) == 9.0);
      |                 ^
conftest.cpp:168:3: warning: 'auto' type specifier is a C++11 extension [-Wc++11-extensions]
  168 |   auto a = sum(1);
      |   ^
conftest.cpp:168:12: error: no matching function for call to 'sum'
  168 |   auto a = sum(1);
      |            ^~~
conftest.cpp:169:3: warning: 'auto' type specifier is a C++11 extension [-Wc++11-extensions]
  169 |   auto b = sum(1, 2);
      |   ^
conftest.cpp:169:12: error: no matching function for call to 'sum'
  169 |   auto b = sum(1, 2);
      |            ^~~
conftest.cpp:170:3: warning: 'auto' type specifier is a C++11 extension [-Wc++11-extensions]
  170 |   auto c = sum(1.0, 2.0, 3.0);
      |   ^
conftest.cpp:170:12: error: no matching function for call to 'sum'
  170 |   auto c = sum(1.0, 2.0, 3.0);
      |            ^~~
conftest.cpp:175:25: warning: empty parentheses interpreted as a function declaration [-Wvexing-parse]
  175 |   cxx11test::delegate d2();
      |                         ^~
conftest.cpp:175:25: note: remove parentheses to declare a variable
  175 |   cxx11test::delegate d2();
      |                         ^~
conftest.cpp:188:16: error: found '<::' after a template name which forms the digraph '<:' (aka '[') and a ':', did you mean '< ::'?
  188 |   test_template<::test_template<int>> v(test_template<int>(12));
      |                ^~~
      |                < ::
conftest.cpp:188:36: error: a space is required between consecutive right angle brackets (use '> >')
  188 |   test_template<::test_template<int>> v(test_template<int>(12));
      |                                    ^~
      |                                    > >
conftest.cpp:192:22: error: use of undeclared identifier 'u8'
  192 |   char const *utf8 = u8"UTF-8 string \u2500";
      |                      ^
conftest.cpp:192:24: error: expected ';' at end of declaration
  192 |   char const *utf8 = u8"UTF-8 string \u2500";
      |                        ^
      |                        ;
fatal error: too many errors emitted, stopping now [-ferror-limit=]
18 warnings and 20 errors generated.
configure:4484: $? = 1
configure: failed program was:
| /* confdefs.h */
| #define PACKAGE_NAME "libusb-1.0"
| #define PACKAGE_TARNAME "libusb-1.0"
| #define PACKAGE_VERSION "1.0.28"
| #define PACKAGE_STRING "libusb-1.0 1.0.28"
| #define PACKAGE_BUGREPORT "libusb-devel@lists.sourceforge.net"
| #define PACKAGE_URL "https://libusb.info"
| /* end confdefs.h.  */
| 
| // Does the compiler advertise C++98 conformance?
| #if !defined __cplusplus || __cplusplus < 199711L
| # error "Compiler does not advertise C++98 conformance"
| #endif
| 
| // These inclusions are to reject old compilers that
| // lack the unsuffixed header files.
| #include <cstdlib>
| #include <exception>
| 
| // <cassert> and <cstring> are *not* freestanding headers in C++98.
| extern void assert (int);
| namespace std {
|   extern int strcmp (const char *, const char *);
| }
| 
| // Namespaces, exceptions, and templates were all added after "C++ 2.0".
| using std::exception;
| using std::strcmp;
| 
| namespace {
| 
| void test_exception_syntax()
| {
|   try {
|     throw "test";
|   } catch (const char *s) {
|     // Extra parentheses suppress a warning when building autoconf itself,
|     // due to lint rules shared with more typical C programs.
|     assert (!(strcmp) (s, "test"));
|   }
| }
| 
| template <typename T> struct test_template
| {
|   T const val;
|   explicit test_template(T t) : val(t) {}
|   template <typename U> T add(U u) { return static_cast<T>(u) + val; }
| };
| 
| } // anonymous namespace
| 
| 
| // Does the compiler advertise C++ 2011 conformance?
| #if !defined __cplusplus || __cplusplus < 201103L
| # error "Compiler does not advertise C++11 conformance"
| #endif
| 
| namespace cxx11test
| {
|   constexpr int get_val() { return 20; }
| 
|   struct testinit
|   {
|     int i;
|     double d;
|   };
| 
|   class delegate
|   {
|   public:
|     delegate(int n) : n(n) {}
|     delegate(): delegate(2354) {}
| 
|     virtual int getval() { return this->n; };
|   protected:
|     int n;
|   };
| 
|   class overridden : public delegate
|   {
|   public:
|     overridden(int n): delegate(n) {}
|     virtual int getval() override final { return this->n * 2; }
|   };
| 
|   class nocopy
|   {
|   public:
|     nocopy(int i): i(i) {}
|     nocopy() = default;
|     nocopy(const nocopy&) = delete;
|     nocopy & operator=(const nocopy&) = delete;
|   private:
|     int i;
|   };
| 
|   // for testing lambda expressions
|   template <typename Ret, typename Fn> Ret eval(Fn f, Ret v)
|   {
|     return f(v);
|   }
| 
|   // for testing variadic templates and trailing return types
|   template <typename V> auto sum(V first) -> V
|   {
|     return first;
|   }
|   template <typename V, typename... Args> auto sum(V first, Args... rest) -> V
|   {
|     return first + sum(rest...);
|   }
| }
| 
| 
| int
| main (int argc, char **argv)
| {
|   int ok = 0;
|   
|   assert (argc);
|   assert (! argv[0]);
| {
|   test_exception_syntax ();
|   test_template<double> tt (2.0);
|   assert (tt.add (4) == 6.0);
|   assert (true && !false);
| }
| 
|   
| {
|   // Test auto and decltype
|   auto a1 = 6538;
|   auto a2 = 48573953.4;
|   auto a3 = "String literal";
| 
|   int total = 0;
|   for (auto i = a3; *i; ++i) { total += *i; }
| 
|   decltype(a2) a4 = 34895.034;
| }
| {
|   // Test constexpr
|   short sa[cxx11test::get_val()] = { 0 };
| }
| {
|   // Test initializer lists
|   cxx11test::testinit il = { 4323, 435234.23544 };
| }
| {
|   // Test range-based for
|   int array[] = {9, 7, 13, 15, 4, 18, 12, 10, 5, 3,
|                  14, 19, 17, 8, 6, 20, 16, 2, 11, 1};
|   for (auto &x : array) { x += 23; }
| }
| {
|   // Test lambda expressions
|   using cxx11test::eval;
|   assert (eval ([](int x) { return x*2; }, 21) == 42);
|   double d = 2.0;
|   assert (eval ([&](double x) { return d += x; }, 3.0) == 5.0);
|   assert (d == 5.0);
|   assert (eval ([=](double x) mutable { return d += x; }, 4.0) == 9.0);
|   assert (d == 5.0);
| }
| {
|   // Test use of variadic templates
|   using cxx11test::sum;
|   auto a = sum(1);
|   auto b = sum(1, 2);
|   auto c = sum(1.0, 2.0, 3.0);
| }
| {
|   // Test constructor delegation
|   cxx11test::delegate d1;
|   cxx11test::delegate d2();
|   cxx11test::delegate d3(45);
| }
| {
|   // Test override and final
|   cxx11test::overridden o1(55464);
| }
| {
|   // Test nullptr
|   char *c = nullptr;
| }
| {
|   // Test template brackets
|   test_template<::test_template<int>> v(test_template<int>(12));
| }
| {
|   // Unicode literals
|   char const *utf8 = u8"UTF-8 string \u2500";
|   char16_t const *utf16 = u"UTF-8 string \u2500";
|   char32_t const *utf32 = U"UTF-32 string \u2500";
| }
| 
|   return ok;
| }
| 
configure:4484: g++ -std=gnu++11 -c -g -O2  conftest.cpp >&5
conftest.cpp:175:25: warning: empty parentheses interpreted as a function declaration [-Wvexing-parse]
  175 |   cxx11test::delegate d2();
      |                         ^~
conftest.cpp:175:25: note: remove parentheses to declare a variable
  175 |   cxx11test::delegate d2();
      |                         ^~
1 warning generated.
configure:4484: $? = 0
configure:4506: result: -std=gnu++11
configure:4573: checking for inline
configure:4590: gcc -c -g -O2  conftest.c >&5
configure:4590: $? = 0
configure:4600: result: inline
configure:4635: checking for a BSD-compatible install
configure:4709: result: /usr/bin/install -c
configure:4720: checking whether sleep supports fractional seconds
configure:4736: result: yes
configure:4739: checking filesystem timestamp resolution
configure:4874: result: 2
configure:4879: checking whether build environment is sane
configure:4920: result: yes
configure:5087: checking for a race-free mkdir -p
configure:5130: result: mkdir -p
configure:5137: checking for gawk
configure:5173: result: no
configure:5137: checking for mawk
configure:5173: result: no
configure:5137: checking for nawk
configure:5173: result: no
configure:5137: checking for awk
configure:5158: found /usr/bin/awk
configure:5170: result: awk
configure:5181: checking whether make sets $(MAKE)
configure:5205: result: yes
configure:5227: checking whether make supports the include directive
configure:5242: make -f confmf.GNU && cat confinc.out
this is the am__doit target
configure:5245: $? = 0
configure:5264: result: yes (GNU style)
configure:5295: checking whether make supports nested variables
configure:5314: result: yes
configure:5328: checking xargs -n works
configure:5344: result: yes
configure:5425: checking dependency style of gcc
configure:5538: result: gcc3
configure:5555: checking dependency style of g++ -std=gnu++11
configure:5668: result: gcc3
configure:5734: checking build system type
configure:5750: result: aarch64-apple-darwin24.3.0
configure:5770: checking host system type
configure:5785: result: aarch64-apple-darwin24.3.0
configure:5826: checking how to print strings
configure:5853: result: printf
configure:5874: checking for a sed that does not truncate output
configure:5946: result: /usr/bin/sed
configure:5964: checking for grep that handles long lines and -e
configure:6030: result: /usr/bin/grep
configure:6035: checking for egrep
configure:6105: result: /usr/bin/grep -E
configure:6112: checking for fgrep
configure:6182: result: /usr/bin/grep -F
configure:6219: checking for ld used by gcc
configure:6288: result: /Library/Developer/CommandLineTools/usr/bin/ld
configure:6295: checking if the linker (/Library/Developer/CommandLineTools/usr/bin/ld) is GNU ld
configure:6312: result: no
configure:6324: checking for BSD- or MS-compatible name lister (nm)
configure:6380: result: /usr/bin/nm -B
configure:6522: checking the name lister (/usr/bin/nm -B) interface
configure:6530: gcc -c -g -O2  conftest.c >&5
configure:6533: /usr/bin/nm -B "conftest.o"
configure:6536: output
000000000000025c S _some_variable
0000000000000000 t ltmp0
000000000000025c s ltmp1
configure:6544: result: BSD nm
configure:6547: checking whether ln -s works
configure:6551: result: yes
configure:6559: checking the maximum length of command line arguments
configure:6692: result: 786432
configure:6740: checking how to convert aarch64-apple-darwin24.3.0 file names to aarch64-apple-darwin24.3.0 format
configure:6782: result: func_convert_file_noop
configure:6789: checking how to convert aarch64-apple-darwin24.3.0 file names to toolchain format
configure:6811: result: func_convert_file_noop
configure:6818: checking for /Library/Developer/CommandLineTools/usr/bin/ld option to reload object files
configure:6827: result: -r
configure:6860: checking for file
configure:6881: found /usr/bin/file
configure:6894: result: file
configure:6957: checking for objdump
configure:6978: found /usr/bin/objdump
configure:6990: result: objdump
configure:7022: checking how to recognize dependent libraries
configure:7231: result: pass_all
configure:7322: checking for dlltool
configure:7358: result: no
configure:7388: checking how to associate runtime and link libraries
configure:7417: result: printf %s\n
configure:7477: checking for ranlib
configure:7498: found /usr/bin/ranlib
configure:7510: result: ranlib
configure:7587: checking for ar
configure:7608: found /usr/bin/ar
configure:7620: result: ar
configure:7673: checking for archiver @FILE support
configure:7691: gcc -c -g -O2  conftest.c >&5
configure:7691: $? = 0
configure:7695: ar cr libconftest.a @conftest.lst >&5
ar: @conftest.lst: No such file or directory
configure:7698: $? = 1
configure:7719: result: no
configure:7783: checking for strip
configure:7804: found /usr/bin/strip
configure:7816: result: strip
configure:7919: checking command to parse /usr/bin/nm -B output from gcc object
configure:8073: gcc -c -g -O2  conftest.c >&5
configure:8076: $? = 0
configure:8080: /usr/bin/nm -B conftest.o | /usr/bin/sed -n -e 's/^.*[	 ]\([ABCDGIRSTW][ABCDGIRSTW]*\)[	 ][	 ]*\([_A-Za-z][_A-Za-z0-9]*\)$/\1 \2 \2/p' | /usr/bin/sed '/ __gnu_lto/d' > conftest.nm
cannot find nm_test_var in conftest.nm
configure:8073: gcc -c -g -O2  conftest.c >&5
configure:8076: $? = 0
configure:8080: /usr/bin/nm -B conftest.o | /usr/bin/sed -n -e 's/^.*[	 ]\([ABCDGIRSTW][ABCDGIRSTW]*\)[	 ][	 ]*_\([_A-Za-z][_A-Za-z0-9]*\)$/\1 _\2 \2/p' | /usr/bin/sed '/ __gnu_lto/d' > conftest.nm
configure:8146: gcc -o conftest -g -O2   conftest.c conftstm.o >&5
configure:8149: $? = 0
configure:8188: result: ok
configure:8235: checking for sysroot
configure:8269: result: no
configure:8276: checking for a working dd
configure:8321: result: /bin/dd
configure:8325: checking how to truncate binary pipes
configure:8342: result: /bin/dd bs=4096 count=1
configure:8682: checking for mt
configure:8718: result: no
configure:8738: checking if : is a manifest tool
configure:8745: : '-?'
configure:8754: result: no
configure:8816: checking for dsymutil
configure:8837: found /usr/bin/dsymutil
configure:8849: result: dsymutil
configure:8920: checking for nmedit
configure:8941: found /usr/bin/nmedit
configure:8953: result: nmedit
configure:9024: checking for lipo
configure:9045: found /usr/bin/lipo
configure:9057: result: lipo
configure:9128: checking for otool
configure:9149: found /usr/bin/otool
configure:9161: result: otool
configure:9232: checking for otool64
configure:9268: result: no
configure:9313: checking for -single_module linker flag
gcc -g -O2  -o libconftest.dylib -dynamiclib -Wl,-single_module conftest.c
ld: warning: -single_module is obsolete
configure:9348: result: no
configure:9353: checking for -no_fixup_chains linker flag
configure:9372: gcc -o conftest -g -O2   -Wl,-no_fixup_chains conftest.c  >&5
configure:9372: $? = 0
configure:9387: result: yes
configure:9390: checking for -exported_symbols_list linker flag
configure:9411: gcc -o conftest -g -O2   -Wl,-exported_symbols_list,conftest.sym conftest.c  >&5
configure:9411: $? = 0
configure:9424: result: yes
configure:9427: checking for -force_load linker flag
gcc -g -O2 -c -o conftest.o conftest.c
ar cr libconftest.a conftest.o
ranlib libconftest.a
gcc -g -O2  -o conftest conftest.c -Wl,-force_load,./libconftest.a
configure:9461: result: yes
configure:9551: checking for stdio.h
configure:9551: gcc -c -g -O2  conftest.c >&5
configure:9551: $? = 0
configure:9551: result: yes
configure:9551: checking for stdlib.h
configure:9551: gcc -c -g -O2  conftest.c >&5
configure:9551: $? = 0
configure:9551: result: yes
configure:9551: checking for string.h
configure:9551: gcc -c -g -O2  conftest.c >&5
configure:9551: $? = 0
configure:9551: result: yes
configure:9551: checking for inttypes.h
configure:9551: gcc -c -g -O2  conftest.c >&5
configure:9551: $? = 0
configure:9551: result: yes
configure:9551: checking for stdint.h
configure:9551: gcc -c -g -O2  conftest.c >&5
configure:9551: $? = 0
configure:9551: result: yes
configure:9551: checking for strings.h
configure:9551: gcc -c -g -O2  conftest.c >&5
configure:9551: $? = 0
configure:9551: result: yes
configure:9551: checking for sys/stat.h
configure:9551: gcc -c -g -O2  conftest.c >&5
configure:9551: $? = 0
configure:9551: result: yes
configure:9551: checking for sys/types.h
configure:9551: gcc -c -g -O2  conftest.c >&5
configure:9551: $? = 0
configure:9551: result: yes
configure:9551: checking for unistd.h
configure:9551: gcc -c -g -O2  conftest.c >&5
configure:9551: $? = 0
configure:9551: result: yes
configure:9576: checking for dlfcn.h
configure:9576: gcc -c -g -O2  conftest.c >&5
configure:9576: $? = 0
configure:9576: result: yes
configure:9890: checking for objdir
configure:9907: result: .libs
configure:10173: checking if gcc supports -fno-rtti -fno-exceptions
configure:10192: gcc -c -g -O2  -fno-rtti -fno-exceptions conftest.c >&5
configure:10196: $? = 0
configure:10210: result: yes
configure:10589: checking for gcc option to produce PIC
configure:10598: result: -fno-common -DPIC
configure:10606: checking if gcc PIC flag -fno-common -DPIC works
configure:10625: gcc -c -g -O2  -fno-common -DPIC -DPIC conftest.c >&5
configure:10629: $? = 0
configure:10643: result: yes
configure:10672: checking if gcc static flag -static works
configure:10702: result: no
configure:10717: checking if gcc supports -c -o file.o
configure:10739: gcc -c -g -O2  -o out/conftest2.o conftest.c >&5
configure:10743: $? = 0
configure:10766: result: yes
configure:10774: checking if gcc supports -c -o file.o
configure:10823: result: yes
configure:10856: checking whether the gcc linker (/Library/Developer/CommandLineTools/usr/bin/ld) supports shared libraries
configure:12144: result: yes
configure:12386: checking dynamic linker characteristics
configure:13788: result: darwin24.3.0 dyld
configure:13910: checking how to hardcode library paths into programs
configure:13935: result: immediate
configure:14535: checking whether stripping libraries is possible
configure:14552: result: yes
configure:14586: checking if libtool supports shared libraries
configure:14588: result: yes
configure:14591: checking whether to build shared libraries
configure:14616: result: yes
configure:14619: checking whether to build static libraries
configure:14623: result: yes
configure:14646: checking how to run the C++ preprocessor
configure:14668: g++ -std=gnu++11 -E  conftest.cpp
configure:14668: $? = 0
configure:14684: g++ -std=gnu++11 -E  conftest.cpp
conftest.cpp:23:10: fatal error: 'ac_nonexistent.h' file not found
   23 | #include <ac_nonexistent.h>
      |          ^~~~~~~~~~~~~~~~~~
1 error generated.
configure:14684: $? = 1
configure: failed program was:
| /* confdefs.h */
| #define PACKAGE_NAME "libusb-1.0"
| #define PACKAGE_TARNAME "libusb-1.0"
| #define PACKAGE_VERSION "1.0.28"
| #define PACKAGE_STRING "libusb-1.0 1.0.28"
| #define PACKAGE_BUGREPORT "libusb-devel@lists.sourceforge.net"
| #define PACKAGE_URL "https://libusb.info"
| #define PACKAGE "libusb-1.0"
| #define VERSION "1.0.28"
| #define HAVE_STDIO_H 1
| #define HAVE_STDLIB_H 1
| #define HAVE_STRING_H 1
| #define HAVE_INTTYPES_H 1
| #define HAVE_STDINT_H 1
| #define HAVE_STRINGS_H 1
| #define HAVE_SYS_STAT_H 1
| #define HAVE_SYS_TYPES_H 1
| #define HAVE_UNISTD_H 1
| #define STDC_HEADERS 1
| #define HAVE_DLFCN_H 1
| #define LT_OBJDIR ".libs/"
| /* end confdefs.h.  */
| #include <ac_nonexistent.h>
configure:14713: result: g++ -std=gnu++11 -E
configure:14727: g++ -std=gnu++11 -E  conftest.cpp
configure:14727: $? = 0
configure:14743: g++ -std=gnu++11 -E  conftest.cpp
conftest.cpp:23:10: fatal error: 'ac_nonexistent.h' file not found
   23 | #include <ac_nonexistent.h>
      |          ^~~~~~~~~~~~~~~~~~
1 error generated.
configure:14743: $? = 1
configure: failed program was:
| /* confdefs.h */
| #define PACKAGE_NAME "libusb-1.0"
| #define PACKAGE_TARNAME "libusb-1.0"
| #define PACKAGE_VERSION "1.0.28"
| #define PACKAGE_STRING "libusb-1.0 1.0.28"
| #define PACKAGE_BUGREPORT "libusb-devel@lists.sourceforge.net"
| #define PACKAGE_URL "https://libusb.info"
| #define PACKAGE "libusb-1.0"
| #define VERSION "1.0.28"
| #define HAVE_STDIO_H 1
| #define HAVE_STDLIB_H 1
| #define HAVE_STRING_H 1
| #define HAVE_INTTYPES_H 1
| #define HAVE_STDINT_H 1
| #define HAVE_STRINGS_H 1
| #define HAVE_SYS_STAT_H 1
| #define HAVE_SYS_TYPES_H 1
| #define HAVE_UNISTD_H 1
| #define STDC_HEADERS 1
| #define HAVE_DLFCN_H 1
| #define LT_OBJDIR ".libs/"
| /* end confdefs.h.  */
| #include <ac_nonexistent.h>
configure:14911: checking for ld used by g++ -std=gnu++11
configure:14980: result: /Library/Developer/CommandLineTools/usr/bin/ld
configure:14987: checking if the linker (/Library/Developer/CommandLineTools/usr/bin/ld) is GNU ld
configure:15004: result: no
configure:15058: checking whether the g++ -std=gnu++11 linker (/Library/Developer/CommandLineTools/usr/bin/ld) supports shared libraries
configure:16146: result: yes
configure:16182: g++ -std=gnu++11 -c -g -O2  conftest.cpp >&5
configure:16185: $? = 0
configure:16671: checking for g++ -std=gnu++11 option to produce PIC
configure:16680: result: -fno-common -DPIC
configure:16688: checking if g++ -std=gnu++11 PIC flag -fno-common -DPIC works
configure:16707: g++ -std=gnu++11 -c -g -O2  -fno-common -DPIC -DPIC conftest.cpp >&5
configure:16711: $? = 0
configure:16725: result: yes
configure:16748: checking if g++ -std=gnu++11 static flag -static works
configure:16778: result: no
configure:16790: checking if g++ -std=gnu++11 supports -c -o file.o
configure:16812: g++ -std=gnu++11 -c -g -O2  -o out/conftest2.o conftest.cpp >&5
configure:16816: $? = 0
configure:16839: result: yes
configure:16844: checking if g++ -std=gnu++11 supports -c -o file.o
configure:16893: result: yes
configure:16923: checking whether the g++ -std=gnu++11 linker (/Library/Developer/CommandLineTools/usr/bin/ld) supports shared libraries
configure:16966: result: yes
configure:17109: checking dynamic linker characteristics
configure:18415: result: darwin24.3.0 dyld
configure:18480: checking how to hardcode library paths into programs
configure:18505: result: immediate
configure:18615: checking for windres
configure:18651: result: no
configure:18762: checking if gcc supports -std=gnu11
configure:18775: gcc -c -std=gnu11  conftest.c >&5
configure:18775: $? = 0
configure:18777: result: yes
configure:18829: checking operating system
configure:18833: result: Darwin/Mac OS X
configure:18921: checking for nfds_t
configure:18921: gcc -c -g -O2  conftest.c >&5
configure:18921: $? = 0
configure:18921: gcc -c -g -O2  conftest.c >&5
conftest.c:32:21: error: expected expression
   32 | if (sizeof ((nfds_t)))
      |                     ^
1 error generated.
configure:18921: $? = 1
configure: failed program was:
| /* confdefs.h */
| #define PACKAGE_NAME "libusb-1.0"
| #define PACKAGE_TARNAME "libusb-1.0"
| #define PACKAGE_VERSION "1.0.28"
| #define PACKAGE_STRING "libusb-1.0 1.0.28"
| #define PACKAGE_BUGREPORT "libusb-devel@lists.sourceforge.net"
| #define PACKAGE_URL "https://libusb.info"
| #define PACKAGE "libusb-1.0"
| #define VERSION "1.0.28"
| #define HAVE_STDIO_H 1
| #define HAVE_STDLIB_H 1
| #define HAVE_STRING_H 1
| #define HAVE_INTTYPES_H 1
| #define HAVE_STDINT_H 1
| #define HAVE_STRINGS_H 1
| #define HAVE_SYS_STAT_H 1
| #define HAVE_SYS_TYPES_H 1
| #define HAVE_UNISTD_H 1
| #define STDC_HEADERS 1
| #define HAVE_DLFCN_H 1
| #define LT_OBJDIR ".libs/"
| #define _GNU_SOURCE 1
| #define DEFAULT_VISIBILITY __attribute__ ((visibility ("default")))
| #define PRINTF_FORMAT(a, b) __attribute__ ((__format__ (__printf__, a, b)))
| #define PLATFORM_POSIX 1
| /* end confdefs.h.  */
| #include <poll.h>
| 
| int
| main (void)
| {
| if (sizeof ((nfds_t)))
| 	    return 0;
|   ;
|   return 0;
| }
configure:18921: result: yes
configure:18934: checking for pipe2
configure:18934: gcc -o conftest -g -O2   conftest.c  >&5
Undefined symbols for architecture arm64:
  "_pipe2", referenced from:
      _main in conftest-714092.o
ld: symbol(s) not found for architecture arm64
clang: error: linker command failed with exit code 1 (use -v to see invocation)
configure:18934: $? = 1
configure: failed program was:
| /* confdefs.h */
| #define PACKAGE_NAME "libusb-1.0"
| #define PACKAGE_TARNAME "libusb-1.0"
| #define PACKAGE_VERSION "1.0.28"
| #define PACKAGE_STRING "libusb-1.0 1.0.28"
| #define PACKAGE_BUGREPORT "libusb-devel@lists.sourceforge.net"
| #define PACKAGE_URL "https://libusb.info"
| #define PACKAGE "libusb-1.0"
| #define VERSION "1.0.28"
| #define HAVE_STDIO_H 1
| #define HAVE_STDLIB_H 1
| #define HAVE_STRING_H 1
| #define HAVE_INTTYPES_H 1
| #define HAVE_STDINT_H 1
| #define HAVE_STRINGS_H 1
| #define HAVE_SYS_STAT_H 1
| #define HAVE_SYS_TYPES_H 1
| #define HAVE_UNISTD_H 1
| #define STDC_HEADERS 1
| #define HAVE_DLFCN_H 1
| #define LT_OBJDIR ".libs/"
| #define _GNU_SOURCE 1
| #define DEFAULT_VISIBILITY __attribute__ ((visibility ("default")))
| #define PRINTF_FORMAT(a, b) __attribute__ ((__format__ (__printf__, a, b)))
| #define PLATFORM_POSIX 1
| #define HAVE_NFDS_T 1
| /* end confdefs.h.  */
| /* Define pipe2 to an innocuous variant, in case <limits.h> declares pipe2.
|    For example, HP-UX 11i <limits.h> declares gettimeofday.  */
| #define pipe2 innocuous_pipe2
| 
| /* System header to define __stub macros and hopefully few prototypes,
|    which can conflict with char pipe2 (void); below.  */
| 
| #include <limits.h>
| #undef pipe2
| 
| /* Override any GCC internal prototype to avoid an error.
|    Use char because int might match the return type of a GCC
|    builtin and then its argument prototype would still apply.  */
| #ifdef __cplusplus
| extern "C"
| #endif
| char pipe2 (void);
| /* The GNU C library defines this for functions which it implements
|     to always fail with ENOSYS.  Some functions are actually named
|     something starting with __ and the normal name is an alias.  */
| #if defined __stub_pipe2 || defined __stub___pipe2
| choke me
| #endif
| 
| int
| main (void)
| {
| return pipe2 ();
|   ;
|   return 0;
| }
configure:18934: result: no
configure:18944: checking if gcc recognizes -pthread
configure:18957: gcc -c -Wall -Werror -pthread  conftest.c >&5
configure:18957: $? = 0
configure:18959: result: yes
configure:18970: checking for library containing pthread_create
configure:19006: gcc -o conftest -g -O2   conftest.c  >&5
configure:19006: $? = 0
configure:19028: result: none required
configure:19038: checking whether __atomic_load_n is supported
configure:19052: gcc -o conftest -g -O2   conftest.c  >&5
configure:19052: $? = 0
configure:19061: result: yes
configure:19142: checking for pthread_threadid_np
configure:19142: gcc -o conftest -g -O2   conftest.c  >&5
configure:19142: $? = 0
configure:19142: result: yes
configure:19150: checking for IOKit/usb/IOUSBHostFamilyDefinitions.h
configure:19150: gcc -c -g -O2  conftest.c >&5
configure:19150: $? = 0
configure:19150: result: yes
configure:19649: checking for sys/time.h
configure:19649: gcc -c -g -O2  conftest.c >&5
configure:19649: $? = 0
configure:19649: result: yes
configure:20403: checking that generated files are newer than configure
configure:20409: result: done
configure:20512: creating ./config.status

## ---------------------- ##
## Running config.status. ##
## ---------------------- ##

This file was extended by libusb-1.0 config.status 1.0.28, which was
generated by GNU Autoconf 2.72.  Invocation command line was

  CONFIG_FILES    = 
  CONFIG_HEADERS  = 
  CONFIG_LINKS    = 
  CONFIG_COMMANDS = 
  $ ./config.status 

on d011e5d731f1

config.status:1265: creating libusb-1.0.pc
config.status:1265: creating Makefile
config.status:1265: creating libusb/Makefile
config.status:1265: creating examples/Makefile
config.status:1265: creating tests/Makefile
config.status:1265: creating doc/Makefile
config.status:1265: creating doc/doxygen.cfg
config.status:1265: creating config.h
config.status:1494: executing depfiles commands
config.status:1571: cd libusb       && sed -e '/# am--include-marker/d' Makefile         | make -f - am--depfiles
config.status:1576: $? = 0
config.status:1571: cd examples       && sed -e '/# am--include-marker/d' Makefile         | make -f - am--depfiles
config.status:1576: $? = 0
config.status:1571: cd tests       && sed -e '/# am--include-marker/d' Makefile         | make -f - am--depfiles
config.status:1576: $? = 0
config.status:1494: executing libtool commands

## ---------------- ##
## Cache variables. ##
## ---------------- ##

ac_cv_build=aarch64-apple-darwin24.3.0
ac_cv_c_compiler_gnu=yes
ac_cv_c_inline=inline
ac_cv_cxx_compiler_gnu=yes
ac_cv_env_CCC_set=
ac_cv_env_CCC_value=
ac_cv_env_CC_set=
ac_cv_env_CC_value=
ac_cv_env_CFLAGS_set=
ac_cv_env_CFLAGS_value=
ac_cv_env_CPPFLAGS_set=
ac_cv_env_CPPFLAGS_value=
ac_cv_env_CXXCPP_set=
ac_cv_env_CXXCPP_value=
ac_cv_env_CXXFLAGS_set=
ac_cv_env_CXXFLAGS_value=
ac_cv_env_CXX_set=
ac_cv_env_CXX_value=
ac_cv_env_LDFLAGS_set=
ac_cv_env_LDFLAGS_value=
ac_cv_env_LIBS_set=
ac_cv_env_LIBS_value=
ac_cv_env_LT_SYS_LIBRARY_PATH_set=
ac_cv_env_LT_SYS_LIBRARY_PATH_value=
ac_cv_env_PKG_CONFIG_LIBDIR_set=
ac_cv_env_PKG_CONFIG_LIBDIR_value=
ac_cv_env_PKG_CONFIG_PATH_set=
ac_cv_env_PKG_CONFIG_PATH_value=
ac_cv_env_PKG_CONFIG_set=
ac_cv_env_PKG_CONFIG_value=
ac_cv_env_UMOCKDEV_CFLAGS_set=
ac_cv_env_UMOCKDEV_CFLAGS_value=
ac_cv_env_UMOCKDEV_HOTPLUG_CFLAGS_set=
ac_cv_env_UMOCKDEV_HOTPLUG_CFLAGS_value=
ac_cv_env_UMOCKDEV_HOTPLUG_LIBS_set=
ac_cv_env_UMOCKDEV_HOTPLUG_LIBS_value=
ac_cv_env_UMOCKDEV_LIBS_set=
ac_cv_env_UMOCKDEV_LIBS_value=
ac_cv_env_build_alias_set=
ac_cv_env_build_alias_value=
ac_cv_env_host_alias_set=
ac_cv_env_host_alias_value=
ac_cv_env_target_alias_set=
ac_cv_env_target_alias_value=
ac_cv_func_pipe2=no
ac_cv_func_pthread_threadid_np=yes
ac_cv_header_IOKit_usb_IOUSBHostFamilyDefinitions_h=yes
ac_cv_header_dlfcn_h=yes
ac_cv_header_inttypes_h=yes
ac_cv_header_stdint_h=yes
ac_cv_header_stdio_h=yes
ac_cv_header_stdlib_h=yes
ac_cv_header_string_h=yes
ac_cv_header_strings_h=yes
ac_cv_header_sys_stat_h=yes
ac_cv_header_sys_time_h=yes
ac_cv_header_sys_types_h=yes
ac_cv_header_unistd_h=yes
ac_cv_host=aarch64-apple-darwin24.3.0
ac_cv_objext=o
ac_cv_path_EGREP='/usr/bin/grep -E'
ac_cv_path_EGREP_TRADITIONAL='/usr/bin/grep -E'
ac_cv_path_FGREP='/usr/bin/grep -F'
ac_cv_path_GREP=/usr/bin/grep
ac_cv_path_SED=/usr/bin/sed
ac_cv_path_install='/usr/bin/install -c'
ac_cv_path_lt_DD=/bin/dd
ac_cv_prog_AWK=awk
ac_cv_prog_CXXCPP='g++ -std=gnu++11 -E'
ac_cv_prog_FILECMD=file
ac_cv_prog_ac_ct_AR=ar
ac_cv_prog_ac_ct_CC=gcc
ac_cv_prog_ac_ct_CXX=g++
ac_cv_prog_ac_ct_DSYMUTIL=dsymutil
ac_cv_prog_ac_ct_LIPO=lipo
ac_cv_prog_ac_ct_NMEDIT=nmedit
ac_cv_prog_ac_ct_OBJDUMP=objdump
ac_cv_prog_ac_ct_OTOOL=otool
ac_cv_prog_ac_ct_RANLIB=ranlib
ac_cv_prog_ac_ct_STRIP=strip
ac_cv_prog_cc_c11=
ac_cv_prog_cc_g=yes
ac_cv_prog_cc_stdc=
ac_cv_prog_cxx_cxx11=-std=gnu++11
ac_cv_prog_cxx_g=yes
ac_cv_prog_cxx_stdcxx=-std=gnu++11
ac_cv_prog_make_make_set=yes
ac_cv_search_pthread_create='none required'
ac_cv_type_nfds_t=yes
am_cv_CC_dependencies_compiler_type=gcc3
am_cv_CXX_dependencies_compiler_type=gcc3
am_cv_filesystem_timestamp_resolution=2
am_cv_make_support_nested_variables=yes
am_cv_prog_cc_c_o=yes
am_cv_sleep_fractional_seconds=yes
am_cv_xargs_n_works=yes
lt_cv_apple_cc_single_mod=no
lt_cv_ar_at_file=no
lt_cv_deplibs_check_method=pass_all
lt_cv_file_magic_cmd='$MAGIC_CMD'
lt_cv_file_magic_test_file=
lt_cv_ld_exported_symbols_list=yes
lt_cv_ld_force_load=yes
lt_cv_ld_reload_flag=-r
lt_cv_nm_interface='BSD nm'
lt_cv_objdir=.libs
lt_cv_path_LD=/Library/Developer/CommandLineTools/usr/bin/ld
lt_cv_path_LDCXX=/Library/Developer/CommandLineTools/usr/bin/ld
lt_cv_path_NM='/usr/bin/nm -B'
lt_cv_path_manifest_tool=no
lt_cv_prog_compiler_c_o=yes
lt_cv_prog_compiler_c_o_CXX=yes
lt_cv_prog_compiler_c_o_RC=yes
lt_cv_prog_compiler_pic='-fno-common -DPIC'
lt_cv_prog_compiler_pic_CXX='-fno-common -DPIC'
lt_cv_prog_compiler_pic_works=yes
lt_cv_prog_compiler_pic_works_CXX=yes
lt_cv_prog_compiler_rtti_exceptions=yes
lt_cv_prog_compiler_static_works=no
lt_cv_prog_compiler_static_works_CXX=no
lt_cv_prog_gnu_ld=no
lt_cv_prog_gnu_ldcxx=no
lt_cv_sharedlib_from_linklib_cmd='printf %s\n'
lt_cv_support_no_fixup_chains=yes
lt_cv_sys_global_symbol_pipe='/usr/bin/sed -n -e '\''s/^.*[	 ]\([ABCDGIRSTW][ABCDGIRSTW]*\)[	 ][	 ]*_\([_A-Za-z][_A-Za-z0-9]*\)$/\1 _\2 \2/p'\'' | /usr/bin/sed '\''/ __gnu_lto/d'\'''
lt_cv_sys_global_symbol_to_c_name_address='/usr/bin/sed -n -e '\''s/^: \(.*\) .*$/  {"\1", (void *) 0},/p'\'' -e '\''s/^[ABCDGIRSTW][ABCDGIRSTW]* .* \(.*\)$/  {"\1", (void *) \&\1},/p'\'''
lt_cv_sys_global_symbol_to_c_name_address_lib_prefix='/usr/bin/sed -n -e '\''s/^: \(.*\) .*$/  {"\1", (void *) 0},/p'\'' -e '\''s/^[ABCDGIRSTW][ABCDGIRSTW]* .* \(lib.*\)$/  {"\1", (void *) \&\1},/p'\'' -e '\''s/^[ABCDGIRSTW][ABCDGIRSTW]* .* \(.*\)$/  {"lib\1", (void *) \&\1},/p'\'''
lt_cv_sys_global_symbol_to_cdecl='/usr/bin/sed -n -e '\''s/^T .* \(.*\)$/extern int \1();/p'\'' -e '\''s/^[ABCDGIRSTW][ABCDGIRSTW]* .* \(.*\)$/extern char \1;/p'\'''
lt_cv_sys_global_symbol_to_import=
lt_cv_sys_max_cmd_len=786432
lt_cv_to_host_file_cmd=func_convert_file_noop
lt_cv_to_tool_file_cmd=func_convert_file_noop
lt_cv_truncate_bin='/bin/dd bs=4096 count=1'

## ----------------- ##
## Output variables. ##
## ----------------- ##

ACLOCAL='${SHELL} '\''/Users/yorickhuang/workspace/eub_monitor/libusb-1.0.28/missing'\'' aclocal-1.17'
AMDEPBACKSLASH='\'
AMDEP_FALSE='#'
AMDEP_TRUE=''
AMTAR='$${TAR-tar}'
AM_BACKSLASH='\'
AM_CFLAGS='-std=gnu11  -Wall -Wextra -Wshadow -Wunused -Wwrite-strings -Werror=format-security -Werror=implicit-function-declaration -Werror=implicit-int -Werror=init-self -Werror=missing-prototypes -Werror=strict-prototypes -Werror=undef -Werror=uninitialized'
AM_CPPFLAGS=''
AM_CXXFLAGS='-std=gnu++11  -Wall -Wextra -Wshadow -Wunused -Wwrite-strings -Werror=format-security -Werror=implicit-function-declaration -Werror=implicit-int -Werror=init-self -Werror=missing-prototypes -Werror=strict-prototypes -Werror=undef -Werror=uninitialized -Wmissing-declarations'
AM_DEFAULT_V='$(AM_DEFAULT_VERBOSITY)'
AM_DEFAULT_VERBOSITY='0'
AM_LDFLAGS=''
AM_V='$(V)'
AR='ar'
AUTOCONF='${SHELL} '\''/Users/yorickhuang/workspace/eub_monitor/libusb-1.0.28/missing'\'' autoconf'
AUTOHEADER='${SHELL} '\''/Users/yorickhuang/workspace/eub_monitor/libusb-1.0.28/missing'\'' autoheader'
AUTOMAKE='${SHELL} '\''/Users/yorickhuang/workspace/eub_monitor/libusb-1.0.28/missing'\'' automake-1.17'
AWK='awk'
BUILD_EXAMPLES_FALSE=''
BUILD_EXAMPLES_TRUE='#'
BUILD_TESTS_FALSE=''
BUILD_TESTS_TRUE='#'
BUILD_UMOCKDEV_TEST_FALSE=''
BUILD_UMOCKDEV_TEST_TRUE='#'
CC='gcc'
CCDEPMODE='depmode=gcc3'
CFLAGS='-g -O2'
CPPFLAGS=''
CREATE_IMPORT_LIB_FALSE=''
CREATE_IMPORT_LIB_TRUE='#'
CSCOPE='cscope'
CTAGS='ctags'
CXX='g++ -std=gnu++11'
CXXCPP='g++ -std=gnu++11 -E'
CXXDEPMODE='depmode=gcc3'
CXXFLAGS='-g -O2'
CYGPATH_W='echo'
DEFS='-DHAVE_CONFIG_H'
DEPDIR='.deps'
DLLTOOL='false'
DOXYGEN_HTMLDIR='api-1.0'
DSYMUTIL='dsymutil'
DUMPBIN=''
ECHO_C='\c'
ECHO_N=''
ECHO_T=''
EGREP='/usr/bin/grep -E'
ETAGS='etags'
EXEEXT=''
EXTRA_LDFLAGS=''
FGREP='/usr/bin/grep -F'
FILECMD='file'
GREP='/usr/bin/grep'
INSTALL_DATA='${INSTALL} -m 644'
INSTALL_PROGRAM='${INSTALL}'
INSTALL_SCRIPT='${INSTALL}'
INSTALL_STRIP_PROGRAM='$(install_sh) -c -s'
LD='/Library/Developer/CommandLineTools/usr/bin/ld'
LDFLAGS=''
LIBOBJS=''
LIBS=' -lobjc -Wl,-framework,IOKit -Wl,-framework,CoreFoundation -Wl,-framework,Security'
LIBTOOL='$(SHELL) $(top_builddir)/libtool'
LIPO='lipo'
LN_S='ln -s'
LTLIBOBJS=''
LT_LDFLAGS='-version-info 5:0:5 -no-undefined'
LT_SYS_LIBRARY_PATH=''
MAKEINFO='${SHELL} '\''/Users/yorickhuang/workspace/eub_monitor/libusb-1.0.28/missing'\'' makeinfo'
MANIFEST_TOOL=':'
MKDIR_P='mkdir -p'
NM='/usr/bin/nm -B'
NMEDIT='nmedit'
OBJDUMP='objdump'
OBJEXT='o'
OS_DARWIN_FALSE='#'
OS_DARWIN_TRUE=''
OS_EMSCRIPTEN_FALSE=''
OS_EMSCRIPTEN_TRUE='#'
OS_HAIKU_FALSE=''
OS_HAIKU_TRUE='#'
OS_LINUX_FALSE=''
OS_LINUX_TRUE='#'
OS_NETBSD_FALSE=''
OS_NETBSD_TRUE='#'
OS_NULL_FALSE=''
OS_NULL_TRUE='#'
OS_OPENBSD_FALSE=''
OS_OPENBSD_TRUE='#'
OS_SUNOS_FALSE=''
OS_SUNOS_TRUE='#'
OS_WINDOWS_FALSE=''
OS_WINDOWS_TRUE='#'
OTOOL64=':'
OTOOL='otool'
PACKAGE='libusb-1.0'
PACKAGE_BUGREPORT='libusb-devel@lists.sourceforge.net'
PACKAGE_NAME='libusb-1.0'
PACKAGE_STRING='libusb-1.0 1.0.28'
PACKAGE_TARNAME='libusb-1.0'
PACKAGE_URL='https://libusb.info'
PACKAGE_VERSION='1.0.28'
PATH_SEPARATOR=':'
PKG_CONFIG=''
PKG_CONFIG_LIBDIR=''
PKG_CONFIG_PATH=''
PLATFORM_POSIX_FALSE='#'
PLATFORM_POSIX_TRUE=''
PLATFORM_WINDOWS_FALSE=''
PLATFORM_WINDOWS_TRUE='#'
RANLIB='ranlib'
RC=''
SED='/usr/bin/sed'
SET_MAKE=''
SHELL='/bin/sh'
STRIP='strip'
THREAD_CFLAGS='-pthread'
THREAD_LIBS=''
UMOCKDEV_CFLAGS=''
UMOCKDEV_HOTPLUG_CFLAGS=''
UMOCKDEV_HOTPLUG_LIBS=''
UMOCKDEV_LIBS=''
USE_UDEV_FALSE=''
USE_UDEV_TRUE='#'
VERSION='1.0.28'
ac_ct_AR='ar'
ac_ct_CC='gcc'
ac_ct_CXX='g++'
ac_ct_DUMPBIN=''
am__EXEEXT_FALSE=''
am__EXEEXT_TRUE='#'
am__fastdepCC_FALSE='#'
am__fastdepCC_TRUE=''
am__fastdepCXX_FALSE='#'
am__fastdepCXX_TRUE=''
am__include='include'
am__isrc=''
am__leading_dot='.'
am__nodep='_no'
am__quote=''
am__rm_f_notfound=''
am__tar='$${TAR-tar} chof - "$$tardir"'
am__untar='$${TAR-tar} xf -'
am__xargs_n='xargs -n'
bindir='${exec_prefix}/bin'
build='aarch64-apple-darwin24.3.0'
build_alias=''
build_cpu='aarch64'
build_os='darwin24.3.0'
build_vendor='apple'
datadir='${datarootdir}'
datarootdir='${prefix}/share'
docdir='${datarootdir}/doc/${PACKAGE_TARNAME}'
dvidir='${docdir}'
exec_prefix='${prefix}'
host='aarch64-apple-darwin24.3.0'
host_alias=''
host_cpu='aarch64'
host_os='darwin24.3.0'
host_vendor='apple'
htmldir='${docdir}'
includedir='${prefix}/include'
infodir='${datarootdir}/info'
install_sh='${SHELL} /Users/yorickhuang/workspace/eub_monitor/libusb-1.0.28/install-sh'
libdir='${exec_prefix}/lib'
libexecdir='${exec_prefix}/libexec'
localedir='${datarootdir}/locale'
localstatedir='${prefix}/var'
mandir='${datarootdir}/man'
mkdir_p='$(MKDIR_P)'
oldincludedir='/usr/include'
pdfdir='${docdir}'
prefix='/usr/local'
program_transform_name='s,x,x,'
psdir='${docdir}'
runstatedir='${localstatedir}/run'
sbindir='${exec_prefix}/sbin'
sharedstatedir='${prefix}/com'
sysconfdir='${prefix}/etc'
target_alias=''

## ----------- ##
## confdefs.h. ##
## ----------- ##

/* confdefs.h */
#define PACKAGE_NAME "libusb-1.0"
#define PACKAGE_TARNAME "libusb-1.0"
#define PACKAGE_VERSION "1.0.28"
#define PACKAGE_STRING "libusb-1.0 1.0.28"
#define PACKAGE_BUGREPORT "libusb-devel@lists.sourceforge.net"
#define PACKAGE_URL "https://libusb.info"
#define PACKAGE "libusb-1.0"
#define VERSION "1.0.28"
#define HAVE_STDIO_H 1
#define HAVE_STDLIB_H 1
#define HAVE_STRING_H 1
#define HAVE_INTTYPES_H 1
#define HAVE_STDINT_H 1
#define HAVE_STRINGS_H 1
#define HAVE_SYS_STAT_H 1
#define HAVE_SYS_TYPES_H 1
#define HAVE_UNISTD_H 1
#define STDC_HEADERS 1
#define HAVE_DLFCN_H 1
#define LT_OBJDIR ".libs/"
#define _GNU_SOURCE 1
#define DEFAULT_VISIBILITY __attribute__ ((visibility ("default")))
#define PRINTF_FORMAT(a, b) __attribute__ ((__format__ (__printf__, a, b)))
#define PLATFORM_POSIX 1
#define HAVE_NFDS_T 1
#define HAVE_PTHREAD_THREADID_NP 1
#define HAVE_IOKIT_USB_IOUSBHOSTFAMILYDEFINITIONS_H 1
#define HAVE_SYS_TIME_H 1
#define ENABLE_LOGGING 1

configure: exit 0
